<?xml version="1.0" encoding="UTF-8"?>
<!-- Generated by org.testng.reporters.JUnitXMLReporter -->
<testsuite hostname="HP" ignored="0" name="Together test case Execution Test" tests="4" failures="0" timestamp="09 Jan 2020 08:44:26 GMT" time="149.184" errors="0">
  <testcase name="validatetest" time="0.655" classname="testNGdemo.AssertTest"/>
  <testcase name="Search" time="0.295" classname="testNGdemo.GoogleTest"/>
  <testcase name="emailtest" time="0.213" classname="testNGdemo.GoogleTest"/>
  <testcase name="login" time="0.002" classname="testNGdemo.GoogleTest"/>
</testsuite> <!-- Together test case Execution Test -->
